La génération a démarré 05/04/2015 23:01:42.
     1>Projet "C:\Users\Yannick\Desktop\AppliFondo\Win32Pricer2\Pricer\Pricer.vcxproj" sur le nœud 2 (Build cible(s)).
     1>ClCompile:
         C:\Program Files (x86)\Microsoft Visual Studio 12.0\VC\bin\CL.exe /c /I"C:\Users\Yannick\Desktop\AppliFondo\Win32Pricer2\\pnl-win32-1.7.1\include" /ZI /nologo /W3 /WX- /sdl /Od /Oy- /D WIN32 /D _XKEYCHECK_H /D _XKEYCHECK_H /D _DEBUG /D _WINDOWS /D _USRDLL /D PRICER_EXPORTS /D _LIB /D _WINDLL /D _UNICODE /D UNICODE /Gm /EHsc /MDd /GS /fp:precise /Zc:wchar_t /Zc:forScope /Fo"Debug\\" /Fd"Debug\vc120.pdb" /Gd /TP /analyze- /errorReport:prompt src\Computations.cpp
         Computations.cpp
       Link:
         C:\Program Files (x86)\Microsoft Visual Studio 12.0\VC\bin\link.exe /ERRORREPORT:PROMPT /OUT:"C:\Users\Yannick\Desktop\AppliFondo\Win32Pricer2\Debug\Pricer.dll" /INCREMENTAL /NOLOGO /LIBPATH:"C:\Users\Yannick\Desktop\AppliFondo\Win32Pricer2\\pnl-win32-1.7.1\lib" libpnl.lib kernel32.lib user32.lib gdi32.lib winspool.lib comdlg32.lib advapi32.lib shell32.lib ole32.lib oleaut32.lib uuid.lib odbc32.lib odbccp32.lib kernel32.lib user32.lib gdi32.lib winspool.lib comdlg32.lib advapi32.lib shell32.lib ole32.lib oleaut32.lib uuid.lib odbc32.lib odbccp32.lib libpnl.lib /MANIFEST /MANIFESTUAC:"level='asInvoker' uiAccess='false'" /manifest:embed /DEBUG /PDB:"C:\Users\Yannick\Desktop\AppliFondo\Win32Pricer2\Debug\Pricer.pdb" /SUBSYSTEM:WINDOWS /TLBID:1 /DYNAMICBASE /NXCOMPAT /IMPLIB:"C:\Users\Yannick\Desktop\AppliFondo\Win32Pricer2\Debug\Pricer.lib" /MACHINE:X86 /DLL Debug\Computations.obj
         Debug\mc.obj
         Debug\method.obj
         Debug\bs.obj
         Debug\model.obj
         Debug\parserCSV.obj
         Debug\fondoGarantito.obj
         Debug\optionBasket.obj
         Debug\produit.obj
         Debug\taux.obj
         Debug\tauxCIR.obj
         Debug\tauxConstant.obj
         Debug\tauxDeChange.obj
         Debug\tauxLPM.obj
         Debug\tauxVasicek.obj
         Pricer.vcxproj -> C:\Users\Yannick\Desktop\AppliFondo\Win32Pricer2\Debug\Pricer.dll
       PostBuildEvent:
         copy "C:\Users\Yannick\Desktop\AppliFondo\Win32Pricer2\Debug\Pricer.dll" "C:\Users\Yannick\Desktop\AppliFondo\Win32Pricer2\PEPSWEB\bin\Pricer.dll"
         :VCEnd
                 1 fichier(s) copié(s).
     1>Génération du projet "C:\Users\Yannick\Desktop\AppliFondo\Win32Pricer2\Pricer\Pricer.vcxproj" terminée (Build cible(s)).

La génération a réussi.

Temps écoulé 00:00:03.90
