c:\users\françois\documents\ensimag\3a\peps\applifondo\win32pricer2\pricer\debug\vc120.pdb
c:\users\françois\documents\ensimag\3a\peps\applifondo\win32pricer2\pricer\debug\vc120.idb
c:\users\françois\documents\ensimag\3a\peps\applifondo\win32pricer2\pricer\debug\computations.obj
c:\users\françois\documents\ensimag\3a\peps\applifondo\win32pricer2\pricer\debug\mc.obj
c:\users\françois\documents\ensimag\3a\peps\applifondo\win32pricer2\pricer\debug\method.obj
c:\users\françois\documents\ensimag\3a\peps\applifondo\win32pricer2\pricer\debug\bs.obj
c:\users\françois\documents\ensimag\3a\peps\applifondo\win32pricer2\pricer\debug\model.obj
c:\users\françois\documents\ensimag\3a\peps\applifondo\win32pricer2\pricer\debug\parsercsv.obj
c:\users\françois\documents\ensimag\3a\peps\applifondo\win32pricer2\pricer\debug\fondogarantito.obj
c:\users\françois\documents\ensimag\3a\peps\applifondo\win32pricer2\pricer\debug\optionbasket.obj
c:\users\françois\documents\ensimag\3a\peps\applifondo\win32pricer2\pricer\debug\produit.obj
c:\users\françois\documents\ensimag\3a\peps\applifondo\win32pricer2\pricer\debug\taux.obj
c:\users\françois\documents\ensimag\3a\peps\applifondo\win32pricer2\pricer\debug\tauxcir.obj
c:\users\françois\documents\ensimag\3a\peps\applifondo\win32pricer2\pricer\debug\tauxconstant.obj
c:\users\françois\documents\ensimag\3a\peps\applifondo\win32pricer2\pricer\debug\tauxdechange.obj
c:\users\françois\documents\ensimag\3a\peps\applifondo\win32pricer2\pricer\debug\tauxlpm.obj
c:\users\françois\documents\ensimag\3a\peps\applifondo\win32pricer2\pricer\debug\tauxvasicek.obj
c:\users\françois\documents\ensimag\3a\peps\applifondo\win32pricer2\debug\pricer.ilk
c:\users\françois\documents\ensimag\3a\peps\applifondo\win32pricer2\debug\pricer.dll
c:\users\françois\documents\ensimag\3a\peps\applifondo\win32pricer2\debug\pricer.pdb
c:\users\françois\documents\ensimag\3a\peps\applifondo\win32pricer2\debug\pricer.lib
c:\users\françois\documents\ensimag\3a\peps\applifondo\win32pricer2\debug\pricer.exp
c:\users\françois\documents\ensimag\3a\peps\applifondo\win32pricer2\pricer\debug\pricer.tlog\cl.command.1.tlog
c:\users\françois\documents\ensimag\3a\peps\applifondo\win32pricer2\pricer\debug\pricer.tlog\cl.read.1.tlog
c:\users\françois\documents\ensimag\3a\peps\applifondo\win32pricer2\pricer\debug\pricer.tlog\cl.write.1.tlog
c:\users\françois\documents\ensimag\3a\peps\applifondo\win32pricer2\pricer\debug\pricer.tlog\link.command.1.tlog
c:\users\françois\documents\ensimag\3a\peps\applifondo\win32pricer2\pricer\debug\pricer.tlog\link.read.1.tlog
c:\users\françois\documents\ensimag\3a\peps\applifondo\win32pricer2\pricer\debug\pricer.tlog\link.write.1.tlog
c:\users\françois\documents\ensimag\3a\peps\applifondo\win32pricer2\pricer\debug\pricer.tlog\pricer.write.1u.tlog
