La génération a démarré 02/04/2015 15:48:38.
     1>Projet "C:\Users\François\Documents\Ensimag\3A\PEPS\AppliFondo\Win32Pricer2\MoteurCalcNatifExe\MoteurCalcNatifExe.vcxproj" sur le nœud 2 (Build cible(s)).
     1>ClCompile:
         C:\Program Files (x86)\Microsoft Visual Studio 12.0\VC\bin\CL.exe /c /I"..\pnl-win32-1.7.1\include" /ZI /nologo /W3 /WX- /sdl /Od /Oy- /D WIN32 /D _XKEYCHECK_H /D _DEBUG /D _CONSOLE /D _LIB /D _UNICODE /D UNICODE /Gm /EHsc /MDd /GS /fp:precise /Zc:wchar_t /Zc:forScope /Fo"Debug\\" /Fd"Debug\vc120.pdb" /Gd /TP /analyze- /errorReport:prompt bs.cpp
         bs.cpp
     1>c:\users\françois\documents\ensimag\3a\peps\applifondo\win32pricer2\moteurcalcnatifexe\bs.cpp(96): warning C4244: 'argument' : conversion de 'double' en 'int', perte possible de données
     1>c:\users\françois\documents\ensimag\3a\peps\applifondo\win32pricer2\moteurcalcnatifexe\bs.cpp(100): warning C4244: 'argument' : conversion de 'double' en 'int', perte possible de données
     1>c:\users\françois\documents\ensimag\3a\peps\applifondo\win32pricer2\moteurcalcnatifexe\bs.cpp(134): warning C4244: '=' : conversion de 'double' en 'int', perte possible de données
     1>c:\users\françois\documents\ensimag\3a\peps\applifondo\win32pricer2\moteurcalcnatifexe\bs.cpp(144): warning C4244: '=' : conversion de 'double' en 'int', perte possible de données
     1>c:\users\françois\documents\ensimag\3a\peps\applifondo\win32pricer2\moteurcalcnatifexe\bs.cpp(283): warning C4244: '=' : conversion de 'double' en 'int', perte possible de données
       Link:
         C:\Program Files (x86)\Microsoft Visual Studio 12.0\VC\bin\link.exe /ERRORREPORT:PROMPT /OUT:"C:\Users\François\Documents\Ensimag\3A\PEPS\AppliFondo\Win32Pricer2\Debug\MoteurCalcNatifExe.exe" /INCREMENTAL /NOLOGO /LIBPATH:"..\pnl-win32-1.7.1\lib" kernel32.lib user32.lib gdi32.lib winspool.lib comdlg32.lib advapi32.lib shell32.lib ole32.lib oleaut32.lib uuid.lib odbc32.lib odbccp32.lib libpnl.lib kernel32.lib user32.lib gdi32.lib winspool.lib comdlg32.lib advapi32.lib shell32.lib ole32.lib oleaut32.lib uuid.lib odbc32.lib odbccp32.lib /MANIFEST /MANIFESTUAC:"level='asInvoker' uiAccess='false'" /manifest:embed /DEBUG /PDB:"C:\Users\François\Documents\Ensimag\3A\PEPS\AppliFondo\Win32Pricer2\Debug\MoteurCalcNatifExe.pdb" /SUBSYSTEM:CONSOLE /TLBID:1 /DYNAMICBASE /NXCOMPAT /IMPLIB:"C:\Users\François\Documents\Ensimag\3A\PEPS\AppliFondo\Win32Pricer2\Debug\MoteurCalcNatifExe.lib" /MACHINE:X86 Debug\bs.obj
         Debug\fondoGarantito.obj
         Debug\main.obj
         Debug\mc.obj
         Debug\method.obj
         Debug\model.obj
         Debug\produit.obj
         Debug\taux.obj
         Debug\tauxDeChange.obj
         Debug\tauxLPM.obj
         MoteurCalcNatifExe.vcxproj -> C:\Users\François\Documents\Ensimag\3A\PEPS\AppliFondo\Win32Pricer2\Debug\MoteurCalcNatifExe.exe
     1>Génération du projet "C:\Users\François\Documents\Ensimag\3A\PEPS\AppliFondo\Win32Pricer2\MoteurCalcNatifExe\MoteurCalcNatifExe.vcxproj" terminée (Build cible(s)).

La génération a réussi.

Temps écoulé 00:00:06.07
