c:\users\yannick\desktop\applifondo\win32pricer2\moteurcalcnatifexe\debug\vc120.pdb
c:\users\yannick\desktop\applifondo\win32pricer2\moteurcalcnatifexe\debug\vc120.idb
c:\users\yannick\desktop\applifondo\win32pricer2\moteurcalcnatifexe\debug\bs.obj
c:\users\yannick\desktop\applifondo\win32pricer2\moteurcalcnatifexe\debug\fondogarantito.obj
c:\users\yannick\desktop\applifondo\win32pricer2\moteurcalcnatifexe\debug\main.obj
c:\users\yannick\desktop\applifondo\win32pricer2\moteurcalcnatifexe\debug\mc.obj
c:\users\yannick\desktop\applifondo\win32pricer2\moteurcalcnatifexe\debug\method.obj
c:\users\yannick\desktop\applifondo\win32pricer2\moteurcalcnatifexe\debug\model.obj
c:\users\yannick\desktop\applifondo\win32pricer2\moteurcalcnatifexe\debug\produit.obj
c:\users\yannick\desktop\applifondo\win32pricer2\moteurcalcnatifexe\debug\taux.obj
c:\users\yannick\desktop\applifondo\win32pricer2\moteurcalcnatifexe\debug\tauxdechange.obj
c:\users\yannick\desktop\applifondo\win32pricer2\moteurcalcnatifexe\debug\tauxlpm.obj
c:\users\yannick\desktop\applifondo\win32pricer2\debug\moteurcalcnatifexe.ilk
c:\users\yannick\desktop\applifondo\win32pricer2\debug\moteurcalcnatifexe.exe
c:\users\yannick\desktop\applifondo\win32pricer2\debug\moteurcalcnatifexe.pdb
c:\users\yannick\desktop\applifondo\win32pricer2\moteurcalcnatifexe\debug\moteurca.0b6c9ec8.tlog\cl.command.1.tlog
c:\users\yannick\desktop\applifondo\win32pricer2\moteurcalcnatifexe\debug\moteurca.0b6c9ec8.tlog\cl.read.1.tlog
c:\users\yannick\desktop\applifondo\win32pricer2\moteurcalcnatifexe\debug\moteurca.0b6c9ec8.tlog\cl.write.1.tlog
c:\users\yannick\desktop\applifondo\win32pricer2\moteurcalcnatifexe\debug\moteurca.0b6c9ec8.tlog\link.command.1.tlog
c:\users\yannick\desktop\applifondo\win32pricer2\moteurcalcnatifexe\debug\moteurca.0b6c9ec8.tlog\link.read.1.tlog
c:\users\yannick\desktop\applifondo\win32pricer2\moteurcalcnatifexe\debug\moteurca.0b6c9ec8.tlog\link.write.1.tlog
