c:\users\yannick\documents\visual studio 2013\projects\win32pricer2\wrapper\debug\wrapper.pch
c:\users\yannick\documents\visual studio 2013\projects\win32pricer2\wrapper\debug\vc120.pdb
c:\users\yannick\documents\visual studio 2013\projects\win32pricer2\wrapper\debug\stdafx.obj
c:\users\yannick\documents\visual studio 2013\projects\win32pricer2\wrapper\debug\assemblyinfo.obj
c:\users\yannick\documents\visual studio 2013\projects\win32pricer2\wrapper\debug\wrapper.obj
c:\users\yannick\documents\visual studio 2013\projects\win32pricer2\wrapper\debug\.netframework,version=v4.5.assemblyattributes.obj
c:\users\yannick\desktop\test link\assemblage\fonctionnel\winfrom_pricer_wrapper\win32pricer2\wrapper\debug\wrapper.pch
c:\users\yannick\desktop\test link\assemblage\fonctionnel\winfrom_pricer_wrapper\win32pricer2\wrapper\debug\vc120.pdb
c:\users\yannick\desktop\test link\assemblage\fonctionnel\winfrom_pricer_wrapper\win32pricer2\wrapper\debug\stdafx.obj
c:\users\yannick\desktop\test link\assemblage\fonctionnel\winfrom_pricer_wrapper\win32pricer2\wrapper\debug\wrapper.obj
c:\users\yannick\desktop\test link\assemblage\fonctionnel\winfrom_pricer_wrapper\win32pricer2\wrapper\debug\assemblyinfo.obj
c:\users\yannick\desktop\win32pricer2\wrapper\debug\wrapper.pch
c:\users\yannick\desktop\win32pricer2\wrapper\debug\vc120.pdb
c:\users\yannick\desktop\win32pricer2\wrapper\debug\stdafx.obj
c:\users\yannick\desktop\win32pricer2\wrapper\debug\wrapper.obj
c:\users\yannick\desktop\win32pricer2\wrapper\debug\assemblyinfo.obj
c:\users\yannick\documents\visual studio 2013\projects\win32pricer2\debug\wrapper.dll
c:\users\yannick\documents\visual studio 2013\projects\win32pricer2\debug\wrapper.pdb
c:\users\yannick\desktop\test link\assemblage\fonctionnel\winfrom_pricer_wrapper\win32pricer2\debug\wrapper.dll
c:\users\yannick\desktop\test link\assemblage\fonctionnel\winfrom_pricer_wrapper\win32pricer2\debug\wrapper.pdb
c:\users\yannick\desktop\win32pricer2\debug\wrapper.dll
c:\users\yannick\desktop\win32pricer2\debug\wrapper.pdb
c:\users\yannick\documents\visual studio 2013\projects\win32pricer2\wrapper\debug\app.res
c:\users\yannick\desktop\test link\assemblage\fonctionnel\winfrom_pricer_wrapper\win32pricer2\wrapper\debug\app.res
c:\users\yannick\desktop\win32pricer2\wrapper\debug\app.res
c:\users\yannick\desktop\win32pricer2\wrapper\debug\wrapper.vcxprojresolveassemblyreference.cache
c:\users\yannick\desktop\win32pricer2\wrapper\debug\.netframework,version=v4.5.assemblyattributes.obj
c:\users\yannick\desktop\win32pricer2\wrapper\debug\wrapper.tlog\cl.command.1.tlog
c:\users\yannick\desktop\win32pricer2\wrapper\debug\wrapper.tlog\cl.read.1.tlog
c:\users\yannick\desktop\win32pricer2\wrapper\debug\wrapper.tlog\cl.write.1.tlog
c:\users\yannick\desktop\win32pricer2\wrapper\debug\wrapper.tlog\link.command.1.tlog
c:\users\yannick\desktop\win32pricer2\wrapper\debug\wrapper.tlog\link.read.1.tlog
c:\users\yannick\desktop\win32pricer2\wrapper\debug\wrapper.tlog\link.write.1.tlog
c:\users\yannick\desktop\win32pricer2\wrapper\debug\wrapper.tlog\metagen.read.1.tlog
c:\users\yannick\desktop\win32pricer2\wrapper\debug\wrapper.tlog\metagen.write.1.tlog
c:\users\yannick\desktop\win32pricer2\wrapper\debug\wrapper.tlog\rc.command.1.tlog
c:\users\yannick\desktop\win32pricer2\wrapper\debug\wrapper.tlog\rc.read.1.tlog
c:\users\yannick\desktop\win32pricer2\wrapper\debug\wrapper.tlog\rc.write.1.tlog
c:\users\yannick\desktop\win32pricer2\wrapper\debug\wrapper.tlog\tzres.dll.bi
