c:\users\françois\documents\ensimag\3a\peps\applifondo\win32pricer2\win32pricer2\debug\vc120.pdb
c:\users\françois\documents\ensimag\3a\peps\applifondo\win32pricer2\win32pricer2\debug\vc120.idb
c:\users\françois\documents\ensimag\3a\peps\applifondo\win32pricer2\win32pricer2\debug\bs.obj
c:\users\françois\documents\ensimag\3a\peps\applifondo\win32pricer2\win32pricer2\debug\computations.obj
c:\users\françois\documents\ensimag\3a\peps\applifondo\win32pricer2\win32pricer2\debug\fondogarantito.obj
c:\users\françois\documents\ensimag\3a\peps\applifondo\win32pricer2\win32pricer2\debug\mc.obj
c:\users\françois\documents\ensimag\3a\peps\applifondo\win32pricer2\win32pricer2\debug\method.obj
c:\users\françois\documents\ensimag\3a\peps\applifondo\win32pricer2\win32pricer2\debug\model.obj
c:\users\françois\documents\ensimag\3a\peps\applifondo\win32pricer2\win32pricer2\debug\optionbasket.obj
c:\users\françois\documents\ensimag\3a\peps\applifondo\win32pricer2\win32pricer2\debug\produit.obj
c:\users\françois\documents\ensimag\3a\peps\applifondo\win32pricer2\debug\win32pricer2.ilk
c:\users\françois\documents\ensimag\3a\peps\applifondo\win32pricer2\debug\win32pricer2.dll
c:\users\françois\documents\ensimag\3a\peps\applifondo\win32pricer2\debug\win32pricer2.pdb
c:\users\françois\documents\ensimag\3a\peps\applifondo\win32pricer2\debug\win32pricer2.lib
c:\users\françois\documents\ensimag\3a\peps\applifondo\win32pricer2\debug\win32pricer2.exp
c:\users\françois\documents\ensimag\3a\peps\applifondo\win32pricer2\win32pricer2\debug\win32pricer2.tlog\cl.command.1.tlog
c:\users\françois\documents\ensimag\3a\peps\applifondo\win32pricer2\win32pricer2\debug\win32pricer2.tlog\cl.read.1.tlog
c:\users\françois\documents\ensimag\3a\peps\applifondo\win32pricer2\win32pricer2\debug\win32pricer2.tlog\cl.write.1.tlog
c:\users\françois\documents\ensimag\3a\peps\applifondo\win32pricer2\win32pricer2\debug\win32pricer2.tlog\link.command.1.tlog
c:\users\françois\documents\ensimag\3a\peps\applifondo\win32pricer2\win32pricer2\debug\win32pricer2.tlog\link.read.1.tlog
c:\users\françois\documents\ensimag\3a\peps\applifondo\win32pricer2\win32pricer2\debug\win32pricer2.tlog\link.write.1.tlog
c:\users\françois\documents\ensimag\3a\peps\applifondo\win32pricer2\win32pricer2\debug\win32pricer2.tlog\win32pricer2.write.1u.tlog
