c:\users\yannick\desktop\applifondo\win32pricer2\consoleapplication1\debug\vc120.pdb
c:\users\yannick\desktop\applifondo\win32pricer2\consoleapplication1\debug\vc120.idb
c:\users\yannick\desktop\applifondo\win32pricer2\consoleapplication1\debug\mc.obj
c:\users\yannick\desktop\applifondo\win32pricer2\consoleapplication1\debug\method.obj
c:\users\yannick\desktop\applifondo\win32pricer2\consoleapplication1\debug\bs.obj
c:\users\yannick\desktop\applifondo\win32pricer2\consoleapplication1\debug\model.obj
c:\users\yannick\desktop\applifondo\win32pricer2\consoleapplication1\debug\fondogarantito.obj
c:\users\yannick\desktop\applifondo\win32pricer2\consoleapplication1\debug\produit.obj
c:\users\yannick\desktop\applifondo\win32pricer2\consoleapplication1\debug\taux.obj
c:\users\yannick\desktop\applifondo\win32pricer2\consoleapplication1\debug\tauxcir.obj
c:\users\yannick\desktop\applifondo\win32pricer2\consoleapplication1\debug\tauxconstant.obj
c:\users\yannick\desktop\applifondo\win32pricer2\consoleapplication1\debug\tauxdechange.obj
c:\users\yannick\desktop\applifondo\win32pricer2\consoleapplication1\debug\tauxlpm.obj
c:\users\yannick\desktop\applifondo\win32pricer2\consoleapplication1\debug\tauxvasicek.obj
c:\users\yannick\desktop\applifondo\win32pricer2\consoleapplication1\debug\main.obj
c:\users\yannick\desktop\applifondo\win32pricer2\debug\consoleapplication1.ilk
c:\users\yannick\desktop\applifondo\win32pricer2\debug\consoleapplication1.exe
c:\users\yannick\desktop\applifondo\win32pricer2\debug\consoleapplication1.pdb
c:\users\yannick\desktop\applifondo\win32pricer2\consoleapplication1\debug\consolea.0260ea70.tlog\cl.command.1.tlog
c:\users\yannick\desktop\applifondo\win32pricer2\consoleapplication1\debug\consolea.0260ea70.tlog\cl.read.1.tlog
c:\users\yannick\desktop\applifondo\win32pricer2\consoleapplication1\debug\consolea.0260ea70.tlog\cl.write.1.tlog
c:\users\yannick\desktop\applifondo\win32pricer2\consoleapplication1\debug\consolea.0260ea70.tlog\link.command.1.tlog
c:\users\yannick\desktop\applifondo\win32pricer2\consoleapplication1\debug\consolea.0260ea70.tlog\link.read.1.tlog
c:\users\yannick\desktop\applifondo\win32pricer2\consoleapplication1\debug\consolea.0260ea70.tlog\link.write.1.tlog
