La génération a démarré 20/03/2015 19:04:55.
     1>Projet "C:\Users\Yannick\Desktop\AppliFondo\Win32Pricer2\ConsoleApplication1\ConsoleApplication1.vcxproj" sur le nœud 2 (Build cible(s)).
     1>ClCompile:
         C:\Program Files (x86)\Microsoft Visual Studio 12.0\VC\bin\CL.exe /c /I"C:\Users\Yannick\Desktop\AppliFondo\Win32Pricer2\pnl-win32-1.7.1\include" /ZI /nologo /W3 /WX- /sdl /Od /Oy- /D WIN32 /D _XKEYCHECK_H /D _DEBUG /D _CONSOLE /D _LIB /D _UNICODE /D UNICODE /Gm /EHsc /MDd /GS /fp:precise /Zc:wchar_t /Zc:forScope /Fo"Debug\\" /Fd"Debug\vc120.pdb" /Gd /TP /analyze- /errorReport:prompt ..\MoteurCalcNatif\method\mc.cpp ..\MoteurCalcNatif\method\method.cpp ..\MoteurCalcNatif\model\bs.cpp ..\MoteurCalcNatif\model\model.cpp ..\MoteurCalcNatif\produits\fondoGarantito.cpp ..\MoteurCalcNatif\produits\produit.cpp ..\MoteurCalcNatif\rate\taux.cpp ..\MoteurCalcNatif\rate\tauxCIR.cpp ..\MoteurCalcNatif\rate\tauxConstant.cpp ..\MoteurCalcNatif\rate\tauxDeChange.cpp ..\MoteurCalcNatif\rate\tauxLPM.cpp ..\MoteurCalcNatif\rate\tauxVasicek.cpp main.cpp
         main.cpp
     1>c:\users\yannick\desktop\applifondo\win32pricer2\consoleapplication1\main.cpp(83): warning C4101: 'prix' : variable locale non référencée
     1>c:\users\yannick\desktop\applifondo\win32pricer2\consoleapplication1\main.cpp(84): warning C4101: 'ic' : variable locale non référencée
         tauxVasicek.cpp
         tauxLPM.cpp
     1>c:\users\yannick\desktop\applifondo\win32pricer2\moteurcalcnatif\rate\tauxlpm.cpp(104): warning C4244: 'argument' : conversion de 'double' en 'int', perte possible de données
         tauxDeChange.cpp
     1>c:\users\yannick\desktop\applifondo\win32pricer2\moteurcalcnatif\rate\tauxdechange.cpp(111): warning C4244: 'argument' : conversion de 'double' en 'int', perte possible de données
         tauxConstant.cpp
         tauxCIR.cpp
         taux.cpp
         produit.cpp
         fondoGarantito.cpp
         model.cpp
         bs.cpp
     1>c:\users\yannick\desktop\applifondo\win32pricer2\moteurcalcnatif\model\bs.cpp(78): warning C4244: 'argument' : conversion de 'double' en 'int', perte possible de données
     1>c:\users\yannick\desktop\applifondo\win32pricer2\moteurcalcnatif\model\bs.cpp(82): warning C4244: 'argument' : conversion de 'double' en 'int', perte possible de données
     1>c:\users\yannick\desktop\applifondo\win32pricer2\moteurcalcnatif\model\bs.cpp(116): warning C4244: '=' : conversion de 'double' en 'int', perte possible de données
     1>c:\users\yannick\desktop\applifondo\win32pricer2\moteurcalcnatif\model\bs.cpp(126): warning C4244: '=' : conversion de 'double' en 'int', perte possible de données
     1>c:\users\yannick\desktop\applifondo\win32pricer2\moteurcalcnatif\model\bs.cpp(264): warning C4244: '=' : conversion de 'double' en 'int', perte possible de données
         method.cpp
     1>c:\users\yannick\desktop\applifondo\win32pricer2\moteurcalcnatif\method\method.cpp(23): warning C4244: 'argument' : conversion de 'time_t' en 'unsigned long', perte possible de données
         mc.cpp
         Génération de code en cours...
       Link:
         C:\Program Files (x86)\Microsoft Visual Studio 12.0\VC\bin\link.exe /ERRORREPORT:PROMPT /OUT:"C:\Users\Yannick\Desktop\AppliFondo\Win32Pricer2\Debug\ConsoleApplication1.exe" /INCREMENTAL /NOLOGO /LIBPATH:"C:\Users\Yannick\Desktop\AppliFondo\Win32Pricer2\pnl-win32-1.7.1\lib" kernel32.lib user32.lib gdi32.lib winspool.lib comdlg32.lib advapi32.lib shell32.lib ole32.lib oleaut32.lib uuid.lib odbc32.lib odbccp32.lib libpnl.lib kernel32.lib user32.lib gdi32.lib winspool.lib comdlg32.lib advapi32.lib shell32.lib ole32.lib oleaut32.lib uuid.lib odbc32.lib odbccp32.lib /MANIFEST /MANIFESTUAC:"level='asInvoker' uiAccess='false'" /manifest:embed /DEBUG /PDB:"C:\Users\Yannick\Desktop\AppliFondo\Win32Pricer2\Debug\ConsoleApplication1.pdb" /SUBSYSTEM:CONSOLE /TLBID:1 /DYNAMICBASE /NXCOMPAT /IMPLIB:"C:\Users\Yannick\Desktop\AppliFondo\Win32Pricer2\Debug\ConsoleApplication1.lib" /MACHINE:X86 Debug\mc.obj
         Debug\method.obj
         Debug\bs.obj
         Debug\model.obj
         Debug\fondoGarantito.obj
         Debug\produit.obj
         Debug\taux.obj
         Debug\tauxCIR.obj
         Debug\tauxConstant.obj
         Debug\tauxDeChange.obj
         Debug\tauxLPM.obj
         Debug\tauxVasicek.obj
         Debug\main.obj
         ConsoleApplication1.vcxproj -> C:\Users\Yannick\Desktop\AppliFondo\Win32Pricer2\Debug\ConsoleApplication1.exe
     1>Génération du projet "C:\Users\Yannick\Desktop\AppliFondo\Win32Pricer2\ConsoleApplication1\ConsoleApplication1.vcxproj" terminée (Build cible(s)).

La génération a réussi.

Temps écoulé 00:00:10.42
